{"level":"info","message":"Listening on 5000","service":"user-service"}
{"level":"info","message":"Listening on 5000","service":"user-service"}
{"level":"info","message":"Listening on 5000","service":"user-service"}
{"level":"info","message":"Listening on 5000","service":"user-service"}
{"level":"info","message":"Listening on 5000","service":"user-service"}
{"level":"info","message":"Listening on 5000","service":"user-service"}
{"level":"info","message":"Listening on 5000","service":"user-service"}
2024-11-29T05:28:40.732Z [right meow!] info: Listening on 5000
2024-11-29T05:28:50.775Z [right meow!] info: Listening on 5000
2024-11-29T05:30:26.583Z [right meow!] info: Listening on 5000
2024-11-29T05:38:40.308Z [right meow!] info: Listening on 5000
Fri Nov 29 2024 11:41:08 GMT+0600 (Bangladesh Standard Time) 11:41:8 [right meow!] info: Listening on 5000
Fri Nov 29 2024 11:43:20 GMT+0600 (Bangladesh Standard Time) 11:43:20 [right meow!] info: Listening on 5000
Fri Nov 29 2024 11:45:24 GMT+0600 (Bangladesh Standard Time) 11:45:24 [right meow!] info: Listening on 5000
Fri Nov 29 2024 11:46:41 GMT+0600 (Bangladesh Standard Time) 11:46:41 [right meow!] info: Listening on 5000
{
  message: 'Listening on 5000',
  level: 'info',
  service: 'user-service',
  label: 'right meow!',
  timestamp: '2024-11-29T05:47:48.211Z'
}
{
  message: 'Listening on 5000',
  level: 'info',
  service: 'user-service',
  label: 'right meow!',
  timestamp: '2024-11-29T05:48:06.766Z'
}
Fri Nov 29 2024 11:49:15 GMT+0600 (Bangladesh Standard Time) 11:49:15 [right meow!] info: Listening on 5000
Fri Nov 29 2024 11:49:37 GMT+0600 (Bangladesh Standard Time) 11:49:37 [PH] info: Listening on 5000
Fri Nov 29 2024 11:49:45 GMT+0600 (Bangladesh Standard Time) 11:49:45 [PH] info: Listening on 5000
Fri Nov 29 2024 11:50:48 GMT+0600 (Bangladesh Standard Time) 11:50:48 [PH] info: Listening on 5000
Fri Nov 29 2024 11:51:34 GMT+0600 (Bangladesh Standard Time) 11:51:34 [PH] info: Listening on 5000
Fri Nov 29 2024 11:55:11 GMT+0600 (Bangladesh Standard Time) 11:55:11 [PH] info: Listening on 5000
Fri Nov 29 2024 11:55:48 GMT+0600 (Bangladesh Standard Time) 11:55:48 [PH] info: Listening on 5000
Fri Nov 29 2024 11:56:42 GMT+0600 (Bangladesh Standard Time) 11:56:42 [PH] info: Listening on 5000
